<?xml version="1.0" encoding="UTF-8"?>
<!-- Generated by org.testng.reporters.JUnitReportReporter -->
<testsuite skipped="0" hostname="DERIW42SLPC1327" name="testScripts.TC_FlightBooking_LoginWithMultipleDataSets" tests="2" failures="0" timestamp="21 Oct 2019 16:26:06 GMT" time="17.783" errors="0">
  <testcase name="loginTest" time="9.591" classname="testScripts.TC_FlightBooking_LoginWithMultipleDataSets"/>
  <testcase name="loginTest" time="8.192" classname="testScripts.TC_FlightBooking_LoginWithMultipleDataSets"/>
</testsuite> <!-- testScripts.TC_FlightBooking_LoginWithMultipleDataSets -->
