<?xml version="1.0" encoding="UTF-8"?>
<!-- Generated by org.testng.reporters.JUnitReportReporter -->
<testsuite skipped="0" hostname="DERIW42SLPC1327" name="testScripts.TC_FlightBooking_Login" tests="2" failures="0" timestamp="21 Oct 2019 16:26:06 GMT" time="12.357" errors="0">
  <testcase name="loginTest" time="11.144" classname="testScripts.TC_FlightBooking_Login"/>
  <testcase name="logoutTest" time="1.213" classname="testScripts.TC_FlightBooking_Login"/>
</testsuite> <!-- testScripts.TC_FlightBooking_Login -->
